<?xml version="1.0" encoding="UTF-8"?>
<testsuite xmlns:xsi="http://www.w3.org/2001/XMLSchema-instance" xsi:noNamespaceSchemaLocation="https://maven.apache.org/surefire/maven-surefire-plugin/xsd/surefire-test-report.xsd" name="ru.yandex.scooter.CreateOrderTest" time="2.226" tests="4" errors="0" skipped="0" failures="0">
  <properties>
[...]
</properties>
  <testcase name="orderCreation[Scooter color:[BLACK]]" classname="ru.yandex.scooter.CreateOrderTest" time="0.555"/>
  <testcase name="orderCreation[Scooter color:[GREY]]" classname="ru.yandex.scooter.CreateOrderTest" time="0.554"/>
  <testcase name="orderCreation[Scooter color:[BLACK, GREY]]" classname="ru.yandex.scooter.CreateOrderTest" time="0.554"/>
  <testcase name="orderCreation[Scooter color:[]]" classname="ru.yandex.scooter.CreateOrderTest" time="0.546"/>
</testsuite>